<?xml version="1.0" encoding="UTF-8"?>
<testng-results skipped="0" failed="0" ignored="0" total="2" passed="2">
  <reporter-output>
  </reporter-output>
  <suite name="Suite1" duration-ms="19245" started-at="2018-10-23T07:53:52Z" finished-at="2018-10-23T07:54:11Z">
    <groups>
    </groups>
    <test name="Test1" duration-ms="10293" started-at="2018-10-23T07:53:52Z" finished-at="2018-10-23T07:54:03Z">
      <class name="module1.module1">
        <test-method status="PASS" signature="setupConfiguration()[pri:0, instance:module1.module1@66a3ffec]" name="setupConfiguration" is-config="true" duration-ms="18" started-at="2018-10-23T07:53:52Z" finished-at="2018-10-23T07:53:52Z">
          <reporter-output>
          </reporter-output>
        </test-method> <!-- setupConfiguration -->
        <test-method status="PASS" signature="abc()[pri:0, instance:module1.module1@66a3ffec]" name="abc" duration-ms="10238" started-at="2018-10-23T07:53:52Z" finished-at="2018-10-23T07:54:03Z">
          <reporter-output>
          </reporter-output>
        </test-method> <!-- abc -->
      </class> <!-- module1.module1 -->
    </test> <!-- Test1 -->
    <test name="Test2" duration-ms="8823" started-at="2018-10-23T07:54:03Z" finished-at="2018-10-23T07:54:11Z">
      <class name="module2.module2">
        <test-method status="PASS" signature="setupConfiguration()[pri:0, instance:module2.module2@4f7d0008]" name="setupConfiguration" is-config="true" duration-ms="4" started-at="2018-10-23T07:54:03Z" finished-at="2018-10-23T07:54:03Z">
          <reporter-output>
          </reporter-output>
        </test-method> <!-- setupConfiguration -->
        <test-method status="PASS" signature="adbd()[pri:0, instance:module2.module2@4f7d0008]" name="adbd" duration-ms="8811" started-at="2018-10-23T07:54:03Z" finished-at="2018-10-23T07:54:11Z">
          <reporter-output>
          </reporter-output>
        </test-method> <!-- adbd -->
      </class> <!-- module2.module2 -->
    </test> <!-- Test2 -->
  </suite> <!-- Suite1 -->
</testng-results>
